[debug] [2021-06-12T14:18:56.207Z] ----------------------------------------------------------------------
[debug] [2021-06-12T14:18:56.209Z] Command:       C:\Program Files\nodejs\node.exe C:\Users\chris\AppData\Roaming\npm\node_modules\firebase-tools\lib\bin\firebase.js init
[debug] [2021-06-12T14:18:56.209Z] CLI Version:   9.11.0
[debug] [2021-06-12T14:18:56.209Z] Platform:      win32
[debug] [2021-06-12T14:18:56.209Z] Node Version:  v14.16.1
[debug] [2021-06-12T14:18:56.210Z] Time:          Sat Jun 12 2021 10:18:56 GMT-0400 (Eastern Daylight Time)
[debug] [2021-06-12T14:18:56.210Z] ----------------------------------------------------------------------
[debug] 
[debug] [2021-06-12T14:18:56.212Z] >>> [apiv2][query] GET https://firebase-public.firebaseio.com/cli.json [none]
[debug] [2021-06-12T14:18:56.227Z] > command requires scopes: ["email","openid","https://www.googleapis.com/auth/cloudplatformprojects.readonly","https://www.googleapis.com/auth/firebase","https://www.googleapis.com/auth/cloud-platform"]
[debug] [2021-06-12T14:18:56.227Z] > authorizing via signed-in user (bobbyslug@gmail.com)
[info] 
     ######## #### ########  ######## ########     ###     ######  ########
     ##        ##  ##     ## ##       ##     ##  ##   ##  ##       ##
     ######    ##  ########  ######   ########  #########  ######  ######
     ##        ##  ##    ##  ##       ##     ## ##     ##       ## ##
     ##       #### ##     ## ######## ########  ##     ##  ######  ########

You're about to initialize a Firebase project in this directory:

  C:\Users\chris\Documents\socal

Before we get started, keep in mind:

  * You are initializing in an existing Firebase project directory

[debug] [2021-06-12T14:18:56.404Z] <<< [apiv2][status] GET https://firebase-public.firebaseio.com/cli.json 200
[debug] [2021-06-12T14:18:56.404Z] <<< [apiv2][body] GET https://firebase-public.firebaseio.com/cli.json {"cloudBuildErrorAfter":1594252800000,"cloudBuildWarnAfter":1590019200000,"defaultNode10After":1594252800000,"minVersion":"3.0.5","node8DeploysDisabledAfter":1613390400000,"node8RuntimeDisabledAfter":1615809600000,"node8WarnAfter":1600128000000}
